<?xml version="1.0" encoding="UTF-8"?>
<testsuite xmlns:xsi="http://www.w3.org/2001/XMLSchema-instance" xsi:noNamespaceSchemaLocation="https://maven.apache.org/surefire/maven-surefire-plugin/xsd/surefire-test-report-3.0.xsd" version="3.0" name="com.rt.Tests" time="0.259" tests="9" errors="0" skipped="0" failures="0">
  <properties>
[...]
</properties>
  <testcase name="testProduitScalaire" classname="com.rt.Tests" time="0.065"/>
  <testcase name="testMultiplicationScalaire" classname="com.rt.Tests" time="0.006"/>
  <testcase name="testLongueur" classname="com.rt.Tests" time="0.003"/>
  <testcase name="testToString" classname="com.rt.Tests" time="0.01"/>
  <testcase name="testSoustraction" classname="com.rt.Tests" time="0.008"/>
  <testcase name="testAddition" classname="com.rt.Tests" time="0.009"/>
  <testcase name="testProduitVectoriel" classname="com.rt.Tests" time="0.002"/>
  <testcase name="testNormalisation" classname="com.rt.Tests" time="0.003"/>
  <testcase name="testEquals" classname="com.rt.Tests" time="0.006"/>
</testsuite>